<?xml version="1.0" encoding="UTF-8"?>
<!-- Generated by org.testng.reporters.JUnitReportReporter -->
<testsuite hostname="USBLRKB5" name="com.raisin.tests.RaisinTests" tests="1" failures="0" timestamp="3 May 2018 17:04:32 GMT" time="24.325" errors="0">
  <testcase name="VerificationTest" time="24.325" classname="com.raisin.tests.RaisinTests"/>
</testsuite> <!-- com.raisin.tests.RaisinTests -->
