<?xml version="1.0" encoding="UTF-8"?>
<!-- Generated by org.testng.reporters.JUnitReportReporter -->
<testsuite hostname="USBLRKB5" name="com.raisin.qa.RaisinTests" tests="1" failures="0" timestamp="3 May 2018 12:46:12 GMT" time="18.041" errors="0">
  <testcase name="VerificationTest" time="18.041" classname="com.raisin.qa.RaisinTests"/>
</testsuite> <!-- com.raisin.qa.RaisinTests -->
